2025-10-20 11:45:15,632 - __main__ - INFO - ğŸš€ Starting ETAP Integration Professional Test Suite
2025-10-20 11:45:15,632 - __main__ - INFO - ================================================================================
2025-10-20 11:45:15,632 - __main__ - INFO - ğŸ“… Test Session: 2025-10-20 11:45:15
2025-10-20 11:45:15,632 - __main__ - INFO - ğŸ˜ Database: postgresql://protecai:protecai@localhost:5432/protecai_db
2025-10-20 11:45:15,632 - __main__ - INFO - ================================================================================
2025-10-20 11:45:15,632 - __main__ - INFO - 
ğŸ§ª Running: Database Professional Setup
2025-10-20 11:45:15,632 - __main__ - INFO - ------------------------------------------------------------
2025-10-20 11:45:15,632 - __main__ - INFO - ğŸ—ï¸ Professional Database Setup...
2025-10-20 11:45:15,806 - __main__ - INFO - âœ… Database setup: 16 total tables, 5 ETAP tables
2025-10-20 11:45:15,806 - __main__ - INFO - ğŸ“‹ ETAP Tables: etap_equipment_configs, etap_field_mappings, etap_import_history, etap_studies, etap_sync_logs
2025-10-20 11:45:15,806 - __main__ - INFO - âœ… Database Professional Setup: PASSED
2025-10-20 11:45:15,806 - __main__ - INFO - 
ğŸ§ª Running: CSV Bridge Professional
2025-10-20 11:45:15,806 - __main__ - INFO - ------------------------------------------------------------
2025-10-20 11:45:15,806 - __main__ - INFO - ğŸ”— Professional CSV Bridge Test...
2025-10-20 11:45:15,807 - __main__ - INFO - ğŸ“„ Processing real data: outputs/csv/tela1_params.csv
2025-10-20 11:45:16,023 - api.services.csv_bridge - INFO - Parsed CSV outputs/csv/tela1_params.csv: 338 parameters, device: DeviceType.MICOM_P143
2025-10-20 11:45:16,023 - __main__ - INFO - âœ… tela1_params.csv: micom_p143 - 338 params
2025-10-20 11:45:16,023 - __main__ - INFO - ğŸ“„ Processing real data: outputs/csv/tela3_params.csv
2025-10-20 11:45:16,027 - api.services.csv_bridge - INFO - Parsed CSV outputs/csv/tela3_params.csv: 151 parameters, device: DeviceType.EASERGY_P3
2025-10-20 11:45:16,027 - __main__ - INFO - âœ… tela3_params.csv: easergy_p3 - 151 params
2025-10-20 11:45:16,027 - __main__ - INFO - âœ… CSV Bridge: 2 files, 489 total params
2025-10-20 11:45:16,027 - __main__ - INFO - âœ… CSV Bridge Professional: PASSED
2025-10-20 11:45:16,027 - __main__ - INFO - 
ğŸ§ª Running: ETAP Service Professional
2025-10-20 11:45:16,027 - __main__ - INFO - ------------------------------------------------------------
2025-10-20 11:45:16,027 - __main__ - INFO - âš™ï¸ Professional ETAP Service Test...
2025-10-20 11:45:16,053 - api.services.etap_service - INFO - ETAP study created: Professional_Test_MiCOM_P143 (ID: 1)
2025-10-20 11:45:16,053 - __main__ - INFO - âœ… Study created: 1 - Professional_Test_MiCOM_P143
2025-10-20 11:45:16,054 - __main__ - ERROR - âŒ ETAP Service test failed: EtapService.add_equipment_to_study() got an unexpected keyword argument 'device_name'
2025-10-20 11:45:16,054 - __main__ - ERROR - âŒ ETAP Service Professional: FAILED
2025-10-20 11:45:16,054 - __main__ - INFO - 
ğŸ§ª Running: Integration Service Professional
2025-10-20 11:45:16,054 - __main__ - INFO - ------------------------------------------------------------
2025-10-20 11:45:16,054 - __main__ - INFO - ğŸ”„ Professional Integration Service Test...
2025-10-20 11:45:16,056 - __main__ - INFO - ğŸ“ Created synthetic data: /tmp/synthetic_micom_p143.csv
2025-10-20 11:45:16,057 - api.services.csv_bridge - INFO - Parsed CSV /tmp/professional_test.csv: 15 parameters, device: DeviceType.MICOM_P143
2025-10-20 11:45:16,060 - api.services.etap_service - INFO - ETAP study created: Professional_Integration_Test (ID: 2)
2025-10-20 11:45:16,067 - api.services.etap_service - INFO - Equipment added to ETAP study 2: 1
2025-10-20 11:45:16,069 - api.services.etap_integration_service - ERROR - Error importing CSV professional_test.csv: type object 'StudyStatus' has no attribute 'CONFIGURED'
2025-10-20 11:45:16,070 - __main__ - ERROR - âŒ Integration Service test failed: 
2025-10-20 11:45:16,070 - __main__ - ERROR - âŒ Integration Service Professional: FAILED
2025-10-20 11:45:16,070 - __main__ - INFO - 
ğŸ§ª Running: Database Queries Professional
2025-10-20 11:45:16,070 - __main__ - INFO - ------------------------------------------------------------
2025-10-20 11:45:16,070 - __main__ - INFO - ğŸ—ƒï¸ Professional Database Queries Test...
2025-10-20 11:45:16,075 - __main__ - INFO - ğŸ“Š Database Stats: 2 studies, 1 equipment
2025-10-20 11:45:16,075 - __main__ - INFO -   ğŸ“‹ Study 2: Professional_Integration_Test (COORDINATION) - 1 equipment - DRAFT
2025-10-20 11:45:16,075 - __main__ - INFO -   ğŸ“‹ Study 1: Professional_Test_MiCOM_P143 (COORDINATION) - 0 equipment - DRAFT
2025-10-20 11:45:16,075 - __main__ - INFO - âœ… Database Queries: All tests passed
2025-10-20 11:45:16,075 - __main__ - INFO - âœ… Database Queries Professional: PASSED
2025-10-20 11:45:16,075 - __main__ - INFO - 
================================================================================
2025-10-20 11:45:16,075 - __main__ - INFO - ğŸ“Š PROFESSIONAL TEST REPORT - ETAP INTEGRATION FASE 1
2025-10-20 11:45:16,075 - __main__ - INFO - ================================================================================
2025-10-20 11:45:16,075 - __main__ - INFO - ğŸ¯ Tests Passed: 3/5 (60.0%)
2025-10-20 11:45:16,075 - __main__ - INFO - â±ï¸ Execution Time: 0.44 seconds
2025-10-20 11:45:16,075 - __main__ - INFO - ğŸ“ˆ Quality Grade: B
2025-10-20 11:45:16,075 - __main__ - INFO - ğŸ† Status: âš ï¸ NEEDS MINOR IMPROVEMENTS
2025-10-20 11:45:16,076 - __main__ - INFO - ğŸ“„ Professional Report: outputs/logs/etap_professional_report_20251020_114515.json
2025-10-20 11:45:16,076 - __main__ - INFO - ================================================================================
2025-10-20 11:45:16,076 - __main__ - INFO - 
ğŸ Professional Test Suite completed
2025-10-20 11:45:16,076 - __main__ - INFO - ğŸ¯ Exit Code: 1
2025-10-20 11:45:16,076 - __main__ - INFO - ğŸ“Š Grade: NEEDS IMPROVEMENT
2025-10-20 11:47:32,579 - __main__ - INFO - ğŸš€ Starting ETAP Integration Professional Test Suite
2025-10-20 11:47:32,580 - __main__ - INFO - ================================================================================
2025-10-20 11:47:32,581 - __main__ - INFO - ğŸ“… Test Session: 2025-10-20 11:47:32
2025-10-20 11:47:32,581 - __main__ - INFO - ğŸ˜ Database: postgresql://protecai:protecai@localhost:5432/protecai_db
2025-10-20 11:47:32,581 - __main__ - INFO - ================================================================================
2025-10-20 11:47:32,581 - __main__ - INFO - 
ğŸ§ª Running: Database Professional Setup
2025-10-20 11:47:32,581 - __main__ - INFO - ------------------------------------------------------------
2025-10-20 11:47:32,581 - __main__ - INFO - ğŸ—ï¸ Professional Database Setup...
2025-10-20 11:47:32,755 - __main__ - INFO - âœ… Database setup: 16 total tables, 5 ETAP tables
2025-10-20 11:47:32,755 - __main__ - INFO - ğŸ“‹ ETAP Tables: etap_equipment_configs, etap_field_mappings, etap_import_history, etap_studies, etap_sync_logs
2025-10-20 11:47:32,755 - __main__ - INFO - âœ… Database Professional Setup: PASSED
2025-10-20 11:47:32,755 - __main__ - INFO - 
ğŸ§ª Running: CSV Bridge Professional
2025-10-20 11:47:32,755 - __main__ - INFO - ------------------------------------------------------------
2025-10-20 11:47:32,755 - __main__ - INFO - ğŸ”— Professional CSV Bridge Test...
2025-10-20 11:47:32,755 - __main__ - INFO - ğŸ“„ Processing real data: outputs/csv/tela1_params.csv
2025-10-20 11:47:32,988 - api.services.csv_bridge - INFO - Parsed CSV outputs/csv/tela1_params.csv: 338 parameters, device: DeviceType.MICOM_P143
2025-10-20 11:47:32,988 - __main__ - INFO - âœ… tela1_params.csv: micom_p143 - 338 params
2025-10-20 11:47:32,988 - __main__ - INFO - ğŸ“„ Processing real data: outputs/csv/tela3_params.csv
2025-10-20 11:47:32,991 - api.services.csv_bridge - INFO - Parsed CSV outputs/csv/tela3_params.csv: 151 parameters, device: DeviceType.EASERGY_P3
2025-10-20 11:47:32,991 - __main__ - INFO - âœ… tela3_params.csv: easergy_p3 - 151 params
2025-10-20 11:47:32,991 - __main__ - INFO - âœ… CSV Bridge: 2 files, 489 total params
2025-10-20 11:47:32,992 - __main__ - INFO - âœ… CSV Bridge Professional: PASSED
2025-10-20 11:47:32,992 - __main__ - INFO - 
ğŸ§ª Running: ETAP Service Professional
2025-10-20 11:47:32,992 - __main__ - INFO - ------------------------------------------------------------
2025-10-20 11:47:32,992 - __main__ - INFO - âš™ï¸ Professional ETAP Service Test...
2025-10-20 11:47:33,022 - api.services.etap_service - INFO - ETAP study created: Professional_Test_MiCOM_P143 (ID: 1)
2025-10-20 11:47:33,022 - __main__ - INFO - âœ… Study created: 1 - Professional_Test_MiCOM_P143
2025-10-20 11:47:33,028 - api.services.etap_service - INFO - Equipment added to ETAP study 1: 1
2025-10-20 11:47:33,028 - __main__ - INFO - âœ… Equipment added: 1
2025-10-20 11:47:33,038 - __main__ - ERROR - âŒ ETAP Service test failed: 'EtapStudy' object is not subscriptable
2025-10-20 11:47:33,038 - __main__ - ERROR - âŒ ETAP Service Professional: FAILED
2025-10-20 11:47:33,038 - __main__ - INFO - 
ğŸ§ª Running: Integration Service Professional
2025-10-20 11:47:33,038 - __main__ - INFO - ------------------------------------------------------------
2025-10-20 11:47:33,038 - __main__ - INFO - ğŸ”„ Professional Integration Service Test...
2025-10-20 11:47:33,040 - __main__ - INFO - ğŸ“ Created synthetic data: /tmp/synthetic_micom_p143.csv
2025-10-20 11:47:33,041 - api.services.csv_bridge - INFO - Parsed CSV /tmp/professional_test.csv: 15 parameters, device: DeviceType.MICOM_P143
2025-10-20 11:47:33,045 - api.services.etap_service - INFO - ETAP study created: Professional_Integration_Test (ID: 2)
2025-10-20 11:47:33,049 - api.services.etap_service - INFO - Equipment added to ETAP study 2: 2
2025-10-20 11:47:33,056 - api.services.etap_integration_service - INFO - Successfully imported CSV to study 2: professional_test.csv
2025-10-20 11:47:33,056 - __main__ - INFO - âœ… CSV imported: Study 2
2025-10-20 11:47:33,056 - __main__ - INFO - ğŸ“Š Device: micom_p143
2025-10-20 11:47:33,056 - __main__ - INFO - ğŸ“ˆ Parameters: 15
2025-10-20 11:47:33,060 - api.services.etap_integration_service - ERROR - Error exporting study 2: 'EtapService' object has no attribute 'get_equipment_configurations'
2025-10-20 11:47:33,060 - __main__ - ERROR - âŒ Integration Service test failed: 
2025-10-20 11:47:33,060 - __main__ - ERROR - âŒ Integration Service Professional: FAILED
2025-10-20 11:47:33,060 - __main__ - INFO - 
ğŸ§ª Running: Database Queries Professional
2025-10-20 11:47:33,060 - __main__ - INFO - ------------------------------------------------------------
2025-10-20 11:47:33,060 - __main__ - INFO - ğŸ—ƒï¸ Professional Database Queries Test...
2025-10-20 11:47:33,064 - __main__ - INFO - ğŸ“Š Database Stats: 2 studies, 2 equipment
2025-10-20 11:47:33,064 - __main__ - INFO -   ğŸ“‹ Study 2: Professional_Integration_Test (COORDINATION) - 1 equipment - COMPLETED
2025-10-20 11:47:33,064 - __main__ - INFO -   ğŸ“‹ Study 1: Professional_Test_MiCOM_P143 (COORDINATION) - 1 equipment - DRAFT
2025-10-20 11:47:33,065 - __main__ - ERROR - âŒ Database queries test failed: unsupported format string passed to NoneType.__format__
2025-10-20 11:47:33,065 - __main__ - ERROR - âŒ Database Queries Professional: FAILED
2025-10-20 11:47:33,065 - __main__ - INFO - 
================================================================================
2025-10-20 11:47:33,065 - __main__ - INFO - ğŸ“Š PROFESSIONAL TEST REPORT - ETAP INTEGRATION FASE 1
2025-10-20 11:47:33,065 - __main__ - INFO - ================================================================================
2025-10-20 11:47:33,065 - __main__ - INFO - ğŸ¯ Tests Passed: 2/5 (40.0%)
2025-10-20 11:47:33,065 - __main__ - INFO - â±ï¸ Execution Time: 0.49 seconds
2025-10-20 11:47:33,065 - __main__ - INFO - ğŸ“ˆ Quality Grade: C
2025-10-20 11:47:33,065 - __main__ - INFO - ğŸ† Status: âŒ REQUIRES SIGNIFICANT FIXES
2025-10-20 11:47:33,065 - __main__ - INFO - ğŸ“„ Professional Report: outputs/logs/etap_professional_report_20251020_114732.json
2025-10-20 11:47:33,065 - __main__ - INFO - ================================================================================
2025-10-20 11:47:33,065 - __main__ - INFO - 
ğŸ Professional Test Suite completed
2025-10-20 11:47:33,065 - __main__ - INFO - ğŸ¯ Exit Code: 1
2025-10-20 11:47:33,066 - __main__ - INFO - ğŸ“Š Grade: NEEDS IMPROVEMENT
